Determining if the pthread_create exist failed with the following output:
Change Dir: /root/eos/build/CMakeFiles/CMakeTmp

Run Build Command:"/usr/bin/make" "cmTC_f737a/fast"
/usr/bin/make -f CMakeFiles/cmTC_f737a.dir/build.make CMakeFiles/cmTC_f737a.dir/build
make[1]: Entering directory '/root/eos/build/CMakeFiles/CMakeTmp'
Building C object CMakeFiles/cmTC_f737a.dir/CheckSymbolExists.c.o
/usr/bin/clang-4.0     -o CMakeFiles/cmTC_f737a.dir/CheckSymbolExists.c.o   -c /root/eos/build/CMakeFiles/CMakeTmp/CheckSymbolExists.c
Linking C executable cmTC_f737a
/usr/bin/cmake -E cmake_link_script CMakeFiles/cmTC_f737a.dir/link.txt --verbose=1
/usr/bin/clang-4.0       CMakeFiles/cmTC_f737a.dir/CheckSymbolExists.c.o  -o cmTC_f737a -rdynamic 
CMakeFiles/cmTC_f737a.dir/CheckSymbolExists.c.o: In function `main':
/root/eos/build/CMakeFiles/CMakeTmp/CheckSymbolExists.c:(.text+0x19): undefined reference to `pthread_create'
clang: error: linker command failed with exit code 1 (use -v to see invocation)
CMakeFiles/cmTC_f737a.dir/build.make:97: recipe for target 'cmTC_f737a' failed
make[1]: *** [cmTC_f737a] Error 1
make[1]: Leaving directory '/root/eos/build/CMakeFiles/CMakeTmp'
Makefile:126: recipe for target 'cmTC_f737a/fast' failed
make: *** [cmTC_f737a/fast] Error 2

File /root/eos/build/CMakeFiles/CMakeTmp/CheckSymbolExists.c:
/* */
#include <pthread.h>

int main(int argc, char** argv)
{
  (void)argv;
#ifndef pthread_create
  return ((int*)(&pthread_create))[argc];
#else
  (void)argc;
  return 0;
#endif
}

