The system is: Linux - 4.4.0-117-generic - x86_64
Compiling the C compiler identification source file "CMakeCCompilerId.c" succeeded.
Compiler: /usr/bin/clang-4.0 
Build flags: 
Id flags: 

The output was:
0


Compilation of the C compiler identification source "CMakeCCompilerId.c" produced "a.out"

The C compiler identification is Clang, found in "/root/eos/build/CMakeFiles/3.5.1/CompilerIdC/a.out"

Compiling the CXX compiler identification source file "CMakeCXXCompilerId.cpp" succeeded.
Compiler: /usr/bin/clang++-4.0 
Build flags: 
Id flags: 

The output was:
0


Compilation of the CXX compiler identification source "CMakeCXXCompilerId.cpp" produced "a.out"

The CXX compiler identification is Clang, found in "/root/eos/build/CMakeFiles/3.5.1/CompilerIdCXX/a.out"

Determining if the C compiler works passed with the following output:
Change Dir: /root/eos/build/CMakeFiles/CMakeTmp

Run Build Command:"/usr/bin/make" "cmTC_c7f50/fast"
/usr/bin/make -f CMakeFiles/cmTC_c7f50.dir/build.make CMakeFiles/cmTC_c7f50.dir/build
make[1]: Entering directory '/root/eos/build/CMakeFiles/CMakeTmp'
Building C object CMakeFiles/cmTC_c7f50.dir/testCCompiler.c.o
/usr/bin/clang-4.0     -o CMakeFiles/cmTC_c7f50.dir/testCCompiler.c.o   -c /root/eos/build/CMakeFiles/CMakeTmp/testCCompiler.c
Linking C executable cmTC_c7f50
/usr/bin/cmake -E cmake_link_script CMakeFiles/cmTC_c7f50.dir/link.txt --verbose=1
/usr/bin/clang-4.0       CMakeFiles/cmTC_c7f50.dir/testCCompiler.c.o  -o cmTC_c7f50 
make[1]: Leaving directory '/root/eos/build/CMakeFiles/CMakeTmp'


Detecting C compiler ABI info compiled with the following output:
Change Dir: /root/eos/build/CMakeFiles/CMakeTmp

Run Build Command:"/usr/bin/make" "cmTC_9efab/fast"
/usr/bin/make -f CMakeFiles/cmTC_9efab.dir/build.make CMakeFiles/cmTC_9efab.dir/build
make[1]: Entering directory '/root/eos/build/CMakeFiles/CMakeTmp'
Building C object CMakeFiles/cmTC_9efab.dir/CMakeCCompilerABI.c.o
/usr/bin/clang-4.0     -o CMakeFiles/cmTC_9efab.dir/CMakeCCompilerABI.c.o   -c /usr/share/cmake-3.5/Modules/CMakeCCompilerABI.c
Linking C executable cmTC_9efab
/usr/bin/cmake -E cmake_link_script CMakeFiles/cmTC_9efab.dir/link.txt --verbose=1
/usr/bin/clang-4.0      -v CMakeFiles/cmTC_9efab.dir/CMakeCCompilerABI.c.o  -o cmTC_9efab  
clang version 4.0.0-1ubuntu1~16.04.2 (tags/RELEASE_400/rc1)
Target: x86_64-pc-linux-gnu
Thread model: posix
InstalledDir: /usr/bin
Found candidate GCC installation: /usr/bin/../lib/gcc/i686-linux-gnu/6
Found candidate GCC installation: /usr/bin/../lib/gcc/i686-linux-gnu/6.0.0
Found candidate GCC installation: /usr/bin/../lib/gcc/x86_64-linux-gnu/5
Found candidate GCC installation: /usr/bin/../lib/gcc/x86_64-linux-gnu/5.4.0
Found candidate GCC installation: /usr/bin/../lib/gcc/x86_64-linux-gnu/6
Found candidate GCC installation: /usr/bin/../lib/gcc/x86_64-linux-gnu/6.0.0
Found candidate GCC installation: /usr/lib/gcc/i686-linux-gnu/6
Found candidate GCC installation: /usr/lib/gcc/i686-linux-gnu/6.0.0
Found candidate GCC installation: /usr/lib/gcc/x86_64-linux-gnu/5
Found candidate GCC installation: /usr/lib/gcc/x86_64-linux-gnu/5.4.0
Found candidate GCC installation: /usr/lib/gcc/x86_64-linux-gnu/6
Found candidate GCC installation: /usr/lib/gcc/x86_64-linux-gnu/6.0.0
Selected GCC installation: /usr/bin/../lib/gcc/x86_64-linux-gnu/5.4.0
Candidate multilib: .;@m64
Selected multilib: .;@m64
 "/usr/bin/ld" -z relro --hash-style=gnu --eh-frame-hdr -m elf_x86_64 -dynamic-linker /lib64/ld-linux-x86-64.so.2 -o cmTC_9efab /usr/bin/../lib/gcc/x86_64-linux-gnu/5.4.0/../../../x86_64-linux-gnu/crt1.o /usr/bin/../lib/gcc/x86_64-linux-gnu/5.4.0/../../../x86_64-linux-gnu/crti.o /usr/bin/../lib/gcc/x86_64-linux-gnu/5.4.0/crtbegin.o -L/usr/bin/../lib/gcc/x86_64-linux-gnu/5.4.0 -L/usr/bin/../lib/gcc/x86_64-linux-gnu/5.4.0/../../../x86_64-linux-gnu -L/lib/x86_64-linux-gnu -L/lib/../lib64 -L/usr/lib/x86_64-linux-gnu -L/usr/bin/../lib/gcc/x86_64-linux-gnu/5.4.0/../../.. -L/usr/lib/llvm-4.0/bin/../lib -L/lib -L/usr/lib CMakeFiles/cmTC_9efab.dir/CMakeCCompilerABI.c.o -lgcc --as-needed -lgcc_s --no-as-needed -lc -lgcc --as-needed -lgcc_s --no-as-needed /usr/bin/../lib/gcc/x86_64-linux-gnu/5.4.0/crtend.o /usr/bin/../lib/gcc/x86_64-linux-gnu/5.4.0/../../../x86_64-linux-gnu/crtn.o
make[1]: Leaving directory '/root/eos/build/CMakeFiles/CMakeTmp'


Parsed C implicit link information from above output:
  link line regex: [^( *|.*[/\])(ld|([^/\]+-)?ld|collect2)[^/\]*( |$)]
  ignore line: [Change Dir: /root/eos/build/CMakeFiles/CMakeTmp]
  ignore line: []
  ignore line: [Run Build Command:"/usr/bin/make" "cmTC_9efab/fast"]
  ignore line: [/usr/bin/make -f CMakeFiles/cmTC_9efab.dir/build.make CMakeFiles/cmTC_9efab.dir/build]
  ignore line: [make[1]: Entering directory '/root/eos/build/CMakeFiles/CMakeTmp']
  ignore line: [Building C object CMakeFiles/cmTC_9efab.dir/CMakeCCompilerABI.c.o]
  ignore line: [/usr/bin/clang-4.0     -o CMakeFiles/cmTC_9efab.dir/CMakeCCompilerABI.c.o   -c /usr/share/cmake-3.5/Modules/CMakeCCompilerABI.c]
  ignore line: [Linking C executable cmTC_9efab]
  ignore line: [/usr/bin/cmake -E cmake_link_script CMakeFiles/cmTC_9efab.dir/link.txt --verbose=1]
  ignore line: [/usr/bin/clang-4.0      -v CMakeFiles/cmTC_9efab.dir/CMakeCCompilerABI.c.o  -o cmTC_9efab  ]
  ignore line: [clang version 4.0.0-1ubuntu1~16.04.2 (tags/RELEASE_400/rc1)]
  ignore line: [Target: x86_64-pc-linux-gnu]
  ignore line: [Thread model: posix]
  ignore line: [InstalledDir: /usr/bin]
  ignore line: [Found candidate GCC installation: /usr/bin/../lib/gcc/i686-linux-gnu/6]
  ignore line: [Found candidate GCC installation: /usr/bin/../lib/gcc/i686-linux-gnu/6.0.0]
  ignore line: [Found candidate GCC installation: /usr/bin/../lib/gcc/x86_64-linux-gnu/5]
  ignore line: [Found candidate GCC installation: /usr/bin/../lib/gcc/x86_64-linux-gnu/5.4.0]
  ignore line: [Found candidate GCC installation: /usr/bin/../lib/gcc/x86_64-linux-gnu/6]
  ignore line: [Found candidate GCC installation: /usr/bin/../lib/gcc/x86_64-linux-gnu/6.0.0]
  ignore line: [Found candidate GCC installation: /usr/lib/gcc/i686-linux-gnu/6]
  ignore line: [Found candidate GCC installation: /usr/lib/gcc/i686-linux-gnu/6.0.0]
  ignore line: [Found candidate GCC installation: /usr/lib/gcc/x86_64-linux-gnu/5]
  ignore line: [Found candidate GCC installation: /usr/lib/gcc/x86_64-linux-gnu/5.4.0]
  ignore line: [Found candidate GCC installation: /usr/lib/gcc/x86_64-linux-gnu/6]
  ignore line: [Found candidate GCC installation: /usr/lib/gcc/x86_64-linux-gnu/6.0.0]
  ignore line: [Selected GCC installation: /usr/bin/../lib/gcc/x86_64-linux-gnu/5.4.0]
  ignore line: [Candidate multilib: .]
  ignore line: [@m64]
  ignore line: [Selected multilib: .]
  ignore line: [@m64]
  link line: [ "/usr/bin/ld" -z relro --hash-style=gnu --eh-frame-hdr -m elf_x86_64 -dynamic-linker /lib64/ld-linux-x86-64.so.2 -o cmTC_9efab /usr/bin/../lib/gcc/x86_64-linux-gnu/5.4.0/../../../x86_64-linux-gnu/crt1.o /usr/bin/../lib/gcc/x86_64-linux-gnu/5.4.0/../../../x86_64-linux-gnu/crti.o /usr/bin/../lib/gcc/x86_64-linux-gnu/5.4.0/crtbegin.o -L/usr/bin/../lib/gcc/x86_64-linux-gnu/5.4.0 -L/usr/bin/../lib/gcc/x86_64-linux-gnu/5.4.0/../../../x86_64-linux-gnu -L/lib/x86_64-linux-gnu -L/lib/../lib64 -L/usr/lib/x86_64-linux-gnu -L/usr/bin/../lib/gcc/x86_64-linux-gnu/5.4.0/../../.. -L/usr/lib/llvm-4.0/bin/../lib -L/lib -L/usr/lib CMakeFiles/cmTC_9efab.dir/CMakeCCompilerABI.c.o -lgcc --as-needed -lgcc_s --no-as-needed -lc -lgcc --as-needed -lgcc_s --no-as-needed /usr/bin/../lib/gcc/x86_64-linux-gnu/5.4.0/crtend.o /usr/bin/../lib/gcc/x86_64-linux-gnu/5.4.0/../../../x86_64-linux-gnu/crtn.o]
    arg [/usr/bin/ld] ==> ignore
    arg [-zrelro] ==> ignore
    arg [--hash-style=gnu] ==> ignore
    arg [--eh-frame-hdr] ==> ignore
    arg [-m] ==> ignore
    arg [elf_x86_64] ==> ignore
    arg [-dynamic-linker] ==> ignore
    arg [/lib64/ld-linux-x86-64.so.2] ==> ignore
    arg [-o] ==> ignore
    arg [cmTC_9efab] ==> ignore
    arg [/usr/bin/../lib/gcc/x86_64-linux-gnu/5.4.0/../../../x86_64-linux-gnu/crt1.o] ==> ignore
    arg [/usr/bin/../lib/gcc/x86_64-linux-gnu/5.4.0/../../../x86_64-linux-gnu/crti.o] ==> ignore
    arg [/usr/bin/../lib/gcc/x86_64-linux-gnu/5.4.0/crtbegin.o] ==> ignore
    arg [-L/usr/bin/../lib/gcc/x86_64-linux-gnu/5.4.0] ==> dir [/usr/bin/../lib/gcc/x86_64-linux-gnu/5.4.0]
    arg [-L/usr/bin/../lib/gcc/x86_64-linux-gnu/5.4.0/../../../x86_64-linux-gnu] ==> dir [/usr/bin/../lib/gcc/x86_64-linux-gnu/5.4.0/../../../x86_64-linux-gnu]
    arg [-L/lib/x86_64-linux-gnu] ==> dir [/lib/x86_64-linux-gnu]
    arg [-L/lib/../lib64] ==> dir [/lib/../lib64]
    arg [-L/usr/lib/x86_64-linux-gnu] ==> dir [/usr/lib/x86_64-linux-gnu]
    arg [-L/usr/bin/../lib/gcc/x86_64-linux-gnu/5.4.0/../../..] ==> dir [/usr/bin/../lib/gcc/x86_64-linux-gnu/5.4.0/../../..]
    arg [-L/usr/lib/llvm-4.0/bin/../lib] ==> dir [/usr/lib/llvm-4.0/bin/../lib]
    arg [-L/lib] ==> dir [/lib]
    arg [-L/usr/lib] ==> dir [/usr/lib]
    arg [CMakeFiles/cmTC_9efab.dir/CMakeCCompilerABI.c.o] ==> ignore
    arg [-lgcc] ==> lib [gcc]
    arg [--as-needed] ==> ignore
    arg [-lgcc_s] ==> lib [gcc_s]
    arg [--no-as-needed] ==> ignore
    arg [-lc] ==> lib [c]
    arg [-lgcc] ==> lib [gcc]
    arg [--as-needed] ==> ignore
    arg [-lgcc_s] ==> lib [gcc_s]
    arg [--no-as-needed] ==> ignore
    arg [/usr/bin/../lib/gcc/x86_64-linux-gnu/5.4.0/crtend.o] ==> ignore
    arg [/usr/bin/../lib/gcc/x86_64-linux-gnu/5.4.0/../../../x86_64-linux-gnu/crtn.o] ==> ignore
  remove lib [gcc]
  remove lib [gcc_s]
  remove lib [gcc]
  remove lib [gcc_s]
  collapse library dir [/usr/bin/../lib/gcc/x86_64-linux-gnu/5.4.0] ==> [/usr/lib/gcc/x86_64-linux-gnu/5.4.0]
  collapse library dir [/usr/bin/../lib/gcc/x86_64-linux-gnu/5.4.0/../../../x86_64-linux-gnu] ==> [/usr/lib/x86_64-linux-gnu]
  collapse library dir [/lib/x86_64-linux-gnu] ==> [/lib/x86_64-linux-gnu]
  collapse library dir [/lib/../lib64] ==> [/lib64]
  collapse library dir [/usr/lib/x86_64-linux-gnu] ==> [/usr/lib/x86_64-linux-gnu]
  collapse library dir [/usr/bin/../lib/gcc/x86_64-linux-gnu/5.4.0/../../..] ==> [/usr/lib]
  collapse library dir [/usr/lib/llvm-4.0/bin/../lib] ==> [/usr/lib/llvm-4.0/lib]
  collapse library dir [/lib] ==> [/lib]
  collapse library dir [/usr/lib] ==> [/usr/lib]
  implicit libs: [c]
  implicit dirs: [/usr/lib/gcc/x86_64-linux-gnu/5.4.0;/usr/lib/x86_64-linux-gnu;/lib/x86_64-linux-gnu;/lib64;/usr/lib;/usr/lib/llvm-4.0/lib;/lib]
  implicit fwks: []




Detecting C [-std=c11] compiler features compiled with the following output:
Change Dir: /root/eos/build/CMakeFiles/CMakeTmp

Run Build Command:"/usr/bin/make" "cmTC_5af24/fast"
/usr/bin/make -f CMakeFiles/cmTC_5af24.dir/build.make CMakeFiles/cmTC_5af24.dir/build
make[1]: Entering directory '/root/eos/build/CMakeFiles/CMakeTmp'
Building C object CMakeFiles/cmTC_5af24.dir/feature_tests.c.o
/usr/bin/clang-4.0    -std=c11 -o CMakeFiles/cmTC_5af24.dir/feature_tests.c.o   -c /root/eos/build/CMakeFiles/feature_tests.c
Linking C executable cmTC_5af24
/usr/bin/cmake -E cmake_link_script CMakeFiles/cmTC_5af24.dir/link.txt --verbose=1
/usr/bin/clang-4.0       CMakeFiles/cmTC_5af24.dir/feature_tests.c.o  -o cmTC_5af24 
make[1]: Leaving directory '/root/eos/build/CMakeFiles/CMakeTmp'


    Feature record: C_FEATURE:1c_function_prototypes
    Feature record: C_FEATURE:1c_restrict
    Feature record: C_FEATURE:1c_static_assert
    Feature record: C_FEATURE:1c_variadic_macros


Detecting C [-std=c99] compiler features compiled with the following output:
Change Dir: /root/eos/build/CMakeFiles/CMakeTmp

Run Build Command:"/usr/bin/make" "cmTC_42b66/fast"
/usr/bin/make -f CMakeFiles/cmTC_42b66.dir/build.make CMakeFiles/cmTC_42b66.dir/build
make[1]: Entering directory '/root/eos/build/CMakeFiles/CMakeTmp'
Building C object CMakeFiles/cmTC_42b66.dir/feature_tests.c.o
/usr/bin/clang-4.0    -std=c99 -o CMakeFiles/cmTC_42b66.dir/feature_tests.c.o   -c /root/eos/build/CMakeFiles/feature_tests.c
Linking C executable cmTC_42b66
/usr/bin/cmake -E cmake_link_script CMakeFiles/cmTC_42b66.dir/link.txt --verbose=1
/usr/bin/clang-4.0       CMakeFiles/cmTC_42b66.dir/feature_tests.c.o  -o cmTC_42b66 
make[1]: Leaving directory '/root/eos/build/CMakeFiles/CMakeTmp'


    Feature record: C_FEATURE:1c_function_prototypes
    Feature record: C_FEATURE:1c_restrict
    Feature record: C_FEATURE:0c_static_assert
    Feature record: C_FEATURE:1c_variadic_macros


Detecting C [-std=c90] compiler features compiled with the following output:
Change Dir: /root/eos/build/CMakeFiles/CMakeTmp

Run Build Command:"/usr/bin/make" "cmTC_749e6/fast"
/usr/bin/make -f CMakeFiles/cmTC_749e6.dir/build.make CMakeFiles/cmTC_749e6.dir/build
make[1]: Entering directory '/root/eos/build/CMakeFiles/CMakeTmp'
Building C object CMakeFiles/cmTC_749e6.dir/feature_tests.c.o
/usr/bin/clang-4.0    -std=c90 -o CMakeFiles/cmTC_749e6.dir/feature_tests.c.o   -c /root/eos/build/CMakeFiles/feature_tests.c
Linking C executable cmTC_749e6
/usr/bin/cmake -E cmake_link_script CMakeFiles/cmTC_749e6.dir/link.txt --verbose=1
/usr/bin/clang-4.0       CMakeFiles/cmTC_749e6.dir/feature_tests.c.o  -o cmTC_749e6 
make[1]: Leaving directory '/root/eos/build/CMakeFiles/CMakeTmp'


    Feature record: C_FEATURE:1c_function_prototypes
    Feature record: C_FEATURE:0c_restrict
    Feature record: C_FEATURE:0c_static_assert
    Feature record: C_FEATURE:0c_variadic_macros
Determining if the CXX compiler works passed with the following output:
Change Dir: /root/eos/build/CMakeFiles/CMakeTmp

Run Build Command:"/usr/bin/make" "cmTC_50843/fast"
/usr/bin/make -f CMakeFiles/cmTC_50843.dir/build.make CMakeFiles/cmTC_50843.dir/build
make[1]: Entering directory '/root/eos/build/CMakeFiles/CMakeTmp'
Building CXX object CMakeFiles/cmTC_50843.dir/testCXXCompiler.cxx.o
/usr/bin/clang++-4.0      -o CMakeFiles/cmTC_50843.dir/testCXXCompiler.cxx.o -c /root/eos/build/CMakeFiles/CMakeTmp/testCXXCompiler.cxx
Linking CXX executable cmTC_50843
/usr/bin/cmake -E cmake_link_script CMakeFiles/cmTC_50843.dir/link.txt --verbose=1
/usr/bin/clang++-4.0        CMakeFiles/cmTC_50843.dir/testCXXCompiler.cxx.o  -o cmTC_50843 
make[1]: Leaving directory '/root/eos/build/CMakeFiles/CMakeTmp'


Detecting CXX compiler ABI info compiled with the following output:
Change Dir: /root/eos/build/CMakeFiles/CMakeTmp

Run Build Command:"/usr/bin/make" "cmTC_d1f1e/fast"
/usr/bin/make -f CMakeFiles/cmTC_d1f1e.dir/build.make CMakeFiles/cmTC_d1f1e.dir/build
make[1]: Entering directory '/root/eos/build/CMakeFiles/CMakeTmp'
Building CXX object CMakeFiles/cmTC_d1f1e.dir/CMakeCXXCompilerABI.cpp.o
/usr/bin/clang++-4.0      -o CMakeFiles/cmTC_d1f1e.dir/CMakeCXXCompilerABI.cpp.o -c /usr/share/cmake-3.5/Modules/CMakeCXXCompilerABI.cpp
Linking CXX executable cmTC_d1f1e
/usr/bin/cmake -E cmake_link_script CMakeFiles/cmTC_d1f1e.dir/link.txt --verbose=1
/usr/bin/clang++-4.0       -v CMakeFiles/cmTC_d1f1e.dir/CMakeCXXCompilerABI.cpp.o  -o cmTC_d1f1e  
clang version 4.0.0-1ubuntu1~16.04.2 (tags/RELEASE_400/rc1)
Target: x86_64-pc-linux-gnu
Thread model: posix
InstalledDir: /usr/bin
Found candidate GCC installation: /usr/bin/../lib/gcc/i686-linux-gnu/6
Found candidate GCC installation: /usr/bin/../lib/gcc/i686-linux-gnu/6.0.0
Found candidate GCC installation: /usr/bin/../lib/gcc/x86_64-linux-gnu/5
Found candidate GCC installation: /usr/bin/../lib/gcc/x86_64-linux-gnu/5.4.0
Found candidate GCC installation: /usr/bin/../lib/gcc/x86_64-linux-gnu/6
Found candidate GCC installation: /usr/bin/../lib/gcc/x86_64-linux-gnu/6.0.0
Found candidate GCC installation: /usr/lib/gcc/i686-linux-gnu/6
Found candidate GCC installation: /usr/lib/gcc/i686-linux-gnu/6.0.0
Found candidate GCC installation: /usr/lib/gcc/x86_64-linux-gnu/5
Found candidate GCC installation: /usr/lib/gcc/x86_64-linux-gnu/5.4.0
Found candidate GCC installation: /usr/lib/gcc/x86_64-linux-gnu/6
Found candidate GCC installation: /usr/lib/gcc/x86_64-linux-gnu/6.0.0
Selected GCC installation: /usr/bin/../lib/gcc/x86_64-linux-gnu/5.4.0
Candidate multilib: .;@m64
Selected multilib: .;@m64
 "/usr/bin/ld" -z relro --hash-style=gnu --eh-frame-hdr -m elf_x86_64 -dynamic-linker /lib64/ld-linux-x86-64.so.2 -o cmTC_d1f1e /usr/bin/../lib/gcc/x86_64-linux-gnu/5.4.0/../../../x86_64-linux-gnu/crt1.o /usr/bin/../lib/gcc/x86_64-linux-gnu/5.4.0/../../../x86_64-linux-gnu/crti.o /usr/bin/../lib/gcc/x86_64-linux-gnu/5.4.0/crtbegin.o -L/usr/bin/../lib/gcc/x86_64-linux-gnu/5.4.0 -L/usr/bin/../lib/gcc/x86_64-linux-gnu/5.4.0/../../../x86_64-linux-gnu -L/lib/x86_64-linux-gnu -L/lib/../lib64 -L/usr/lib/x86_64-linux-gnu -L/usr/bin/../lib/gcc/x86_64-linux-gnu/5.4.0/../../.. -L/usr/lib/llvm-4.0/bin/../lib -L/lib -L/usr/lib CMakeFiles/cmTC_d1f1e.dir/CMakeCXXCompilerABI.cpp.o -lstdc++ -lm -lgcc_s -lgcc -lc -lgcc_s -lgcc /usr/bin/../lib/gcc/x86_64-linux-gnu/5.4.0/crtend.o /usr/bin/../lib/gcc/x86_64-linux-gnu/5.4.0/../../../x86_64-linux-gnu/crtn.o
make[1]: Leaving directory '/root/eos/build/CMakeFiles/CMakeTmp'


Parsed CXX implicit link information from above output:
  link line regex: [^( *|.*[/\])(ld|([^/\]+-)?ld|collect2)[^/\]*( |$)]
  ignore line: [Change Dir: /root/eos/build/CMakeFiles/CMakeTmp]
  ignore line: []
  ignore line: [Run Build Command:"/usr/bin/make" "cmTC_d1f1e/fast"]
  ignore line: [/usr/bin/make -f CMakeFiles/cmTC_d1f1e.dir/build.make CMakeFiles/cmTC_d1f1e.dir/build]
  ignore line: [make[1]: Entering directory '/root/eos/build/CMakeFiles/CMakeTmp']
  ignore line: [Building CXX object CMakeFiles/cmTC_d1f1e.dir/CMakeCXXCompilerABI.cpp.o]
  ignore line: [/usr/bin/clang++-4.0      -o CMakeFiles/cmTC_d1f1e.dir/CMakeCXXCompilerABI.cpp.o -c /usr/share/cmake-3.5/Modules/CMakeCXXCompilerABI.cpp]
  ignore line: [Linking CXX executable cmTC_d1f1e]
  ignore line: [/usr/bin/cmake -E cmake_link_script CMakeFiles/cmTC_d1f1e.dir/link.txt --verbose=1]
  ignore line: [/usr/bin/clang++-4.0       -v CMakeFiles/cmTC_d1f1e.dir/CMakeCXXCompilerABI.cpp.o  -o cmTC_d1f1e  ]
  ignore line: [clang version 4.0.0-1ubuntu1~16.04.2 (tags/RELEASE_400/rc1)]
  ignore line: [Target: x86_64-pc-linux-gnu]
  ignore line: [Thread model: posix]
  ignore line: [InstalledDir: /usr/bin]
  ignore line: [Found candidate GCC installation: /usr/bin/../lib/gcc/i686-linux-gnu/6]
  ignore line: [Found candidate GCC installation: /usr/bin/../lib/gcc/i686-linux-gnu/6.0.0]
  ignore line: [Found candidate GCC installation: /usr/bin/../lib/gcc/x86_64-linux-gnu/5]
  ignore line: [Found candidate GCC installation: /usr/bin/../lib/gcc/x86_64-linux-gnu/5.4.0]
  ignore line: [Found candidate GCC installation: /usr/bin/../lib/gcc/x86_64-linux-gnu/6]
  ignore line: [Found candidate GCC installation: /usr/bin/../lib/gcc/x86_64-linux-gnu/6.0.0]
  ignore line: [Found candidate GCC installation: /usr/lib/gcc/i686-linux-gnu/6]
  ignore line: [Found candidate GCC installation: /usr/lib/gcc/i686-linux-gnu/6.0.0]
  ignore line: [Found candidate GCC installation: /usr/lib/gcc/x86_64-linux-gnu/5]
  ignore line: [Found candidate GCC installation: /usr/lib/gcc/x86_64-linux-gnu/5.4.0]
  ignore line: [Found candidate GCC installation: /usr/lib/gcc/x86_64-linux-gnu/6]
  ignore line: [Found candidate GCC installation: /usr/lib/gcc/x86_64-linux-gnu/6.0.0]
  ignore line: [Selected GCC installation: /usr/bin/../lib/gcc/x86_64-linux-gnu/5.4.0]
  ignore line: [Candidate multilib: .]
  ignore line: [@m64]
  ignore line: [Selected multilib: .]
  ignore line: [@m64]
  link line: [ "/usr/bin/ld" -z relro --hash-style=gnu --eh-frame-hdr -m elf_x86_64 -dynamic-linker /lib64/ld-linux-x86-64.so.2 -o cmTC_d1f1e /usr/bin/../lib/gcc/x86_64-linux-gnu/5.4.0/../../../x86_64-linux-gnu/crt1.o /usr/bin/../lib/gcc/x86_64-linux-gnu/5.4.0/../../../x86_64-linux-gnu/crti.o /usr/bin/../lib/gcc/x86_64-linux-gnu/5.4.0/crtbegin.o -L/usr/bin/../lib/gcc/x86_64-linux-gnu/5.4.0 -L/usr/bin/../lib/gcc/x86_64-linux-gnu/5.4.0/../../../x86_64-linux-gnu -L/lib/x86_64-linux-gnu -L/lib/../lib64 -L/usr/lib/x86_64-linux-gnu -L/usr/bin/../lib/gcc/x86_64-linux-gnu/5.4.0/../../.. -L/usr/lib/llvm-4.0/bin/../lib -L/lib -L/usr/lib CMakeFiles/cmTC_d1f1e.dir/CMakeCXXCompilerABI.cpp.o -lstdc++ -lm -lgcc_s -lgcc -lc -lgcc_s -lgcc /usr/bin/../lib/gcc/x86_64-linux-gnu/5.4.0/crtend.o /usr/bin/../lib/gcc/x86_64-linux-gnu/5.4.0/../../../x86_64-linux-gnu/crtn.o]
    arg [/usr/bin/ld] ==> ignore
    arg [-zrelro] ==> ignore
    arg [--hash-style=gnu] ==> ignore
    arg [--eh-frame-hdr] ==> ignore
    arg [-m] ==> ignore
    arg [elf_x86_64] ==> ignore
    arg [-dynamic-linker] ==> ignore
    arg [/lib64/ld-linux-x86-64.so.2] ==> ignore
    arg [-o] ==> ignore
    arg [cmTC_d1f1e] ==> ignore
    arg [/usr/bin/../lib/gcc/x86_64-linux-gnu/5.4.0/../../../x86_64-linux-gnu/crt1.o] ==> ignore
    arg [/usr/bin/../lib/gcc/x86_64-linux-gnu/5.4.0/../../../x86_64-linux-gnu/crti.o] ==> ignore
    arg [/usr/bin/../lib/gcc/x86_64-linux-gnu/5.4.0/crtbegin.o] ==> ignore
    arg [-L/usr/bin/../lib/gcc/x86_64-linux-gnu/5.4.0] ==> dir [/usr/bin/../lib/gcc/x86_64-linux-gnu/5.4.0]
    arg [-L/usr/bin/../lib/gcc/x86_64-linux-gnu/5.4.0/../../../x86_64-linux-gnu] ==> dir [/usr/bin/../lib/gcc/x86_64-linux-gnu/5.4.0/../../../x86_64-linux-gnu]
    arg [-L/lib/x86_64-linux-gnu] ==> dir [/lib/x86_64-linux-gnu]
    arg [-L/lib/../lib64] ==> dir [/lib/../lib64]
    arg [-L/usr/lib/x86_64-linux-gnu] ==> dir [/usr/lib/x86_64-linux-gnu]
    arg [-L/usr/bin/../lib/gcc/x86_64-linux-gnu/5.4.0/../../..] ==> dir [/usr/bin/../lib/gcc/x86_64-linux-gnu/5.4.0/../../..]
    arg [-L/usr/lib/llvm-4.0/bin/../lib] ==> dir [/usr/lib/llvm-4.0/bin/../lib]
    arg [-L/lib] ==> dir [/lib]
    arg [-L/usr/lib] ==> dir [/usr/lib]
    arg [CMakeFiles/cmTC_d1f1e.dir/CMakeCXXCompilerABI.cpp.o] ==> ignore
    arg [-lstdc++] ==> lib [stdc++]
    arg [-lm] ==> lib [m]
    arg [-lgcc_s] ==> lib [gcc_s]
    arg [-lgcc] ==> lib [gcc]
    arg [-lc] ==> lib [c]
    arg [-lgcc_s] ==> lib [gcc_s]
    arg [-lgcc] ==> lib [gcc]
    arg [/usr/bin/../lib/gcc/x86_64-linux-gnu/5.4.0/crtend.o] ==> ignore
    arg [/usr/bin/../lib/gcc/x86_64-linux-gnu/5.4.0/../../../x86_64-linux-gnu/crtn.o] ==> ignore
  remove lib [gcc_s]
  remove lib [gcc]
  remove lib [gcc_s]
  remove lib [gcc]
  collapse library dir [/usr/bin/../lib/gcc/x86_64-linux-gnu/5.4.0] ==> [/usr/lib/gcc/x86_64-linux-gnu/5.4.0]
  collapse library dir [/usr/bin/../lib/gcc/x86_64-linux-gnu/5.4.0/../../../x86_64-linux-gnu] ==> [/usr/lib/x86_64-linux-gnu]
  collapse library dir [/lib/x86_64-linux-gnu] ==> [/lib/x86_64-linux-gnu]
  collapse library dir [/lib/../lib64] ==> [/lib64]
  collapse library dir [/usr/lib/x86_64-linux-gnu] ==> [/usr/lib/x86_64-linux-gnu]
  collapse library dir [/usr/bin/../lib/gcc/x86_64-linux-gnu/5.4.0/../../..] ==> [/usr/lib]
  collapse library dir [/usr/lib/llvm-4.0/bin/../lib] ==> [/usr/lib/llvm-4.0/lib]
  collapse library dir [/lib] ==> [/lib]
  collapse library dir [/usr/lib] ==> [/usr/lib]
  implicit libs: [stdc++;m;c]
  implicit dirs: [/usr/lib/gcc/x86_64-linux-gnu/5.4.0;/usr/lib/x86_64-linux-gnu;/lib/x86_64-linux-gnu;/lib64;/usr/lib;/usr/lib/llvm-4.0/lib;/lib]
  implicit fwks: []




Detecting CXX [-std=c++14] compiler features compiled with the following output:
Change Dir: /root/eos/build/CMakeFiles/CMakeTmp

Run Build Command:"/usr/bin/make" "cmTC_f322a/fast"
/usr/bin/make -f CMakeFiles/cmTC_f322a.dir/build.make CMakeFiles/cmTC_f322a.dir/build
make[1]: Entering directory '/root/eos/build/CMakeFiles/CMakeTmp'
Building CXX object CMakeFiles/cmTC_f322a.dir/feature_tests.cxx.o
/usr/bin/clang++-4.0     -std=c++14 -o CMakeFiles/cmTC_f322a.dir/feature_tests.cxx.o -c /root/eos/build/CMakeFiles/feature_tests.cxx
Linking CXX executable cmTC_f322a
/usr/bin/cmake -E cmake_link_script CMakeFiles/cmTC_f322a.dir/link.txt --verbose=1
/usr/bin/clang++-4.0        CMakeFiles/cmTC_f322a.dir/feature_tests.cxx.o  -o cmTC_f322a 
make[1]: Leaving directory '/root/eos/build/CMakeFiles/CMakeTmp'


    Feature record: CXX_FEATURE:1cxx_aggregate_default_initializers
    Feature record: CXX_FEATURE:1cxx_alias_templates
    Feature record: CXX_FEATURE:1cxx_alignas
    Feature record: CXX_FEATURE:1cxx_alignof
    Feature record: CXX_FEATURE:1cxx_attributes
    Feature record: CXX_FEATURE:1cxx_attribute_deprecated
    Feature record: CXX_FEATURE:1cxx_auto_type
    Feature record: CXX_FEATURE:1cxx_binary_literals
    Feature record: CXX_FEATURE:1cxx_constexpr
    Feature record: CXX_FEATURE:1cxx_contextual_conversions
    Feature record: CXX_FEATURE:1cxx_decltype
    Feature record: CXX_FEATURE:1cxx_decltype_auto
    Feature record: CXX_FEATURE:1cxx_decltype_incomplete_return_types
    Feature record: CXX_FEATURE:1cxx_default_function_template_args
    Feature record: CXX_FEATURE:1cxx_defaulted_functions
    Feature record: CXX_FEATURE:1cxx_defaulted_move_initializers
    Feature record: CXX_FEATURE:1cxx_delegating_constructors
    Feature record: CXX_FEATURE:1cxx_deleted_functions
    Feature record: CXX_FEATURE:1cxx_digit_separators
    Feature record: CXX_FEATURE:1cxx_enum_forward_declarations
    Feature record: CXX_FEATURE:1cxx_explicit_conversions
    Feature record: CXX_FEATURE:1cxx_extended_friend_declarations
    Feature record: CXX_FEATURE:1cxx_extern_templates
    Feature record: CXX_FEATURE:1cxx_final
    Feature record: CXX_FEATURE:1cxx_func_identifier
    Feature record: CXX_FEATURE:1cxx_generalized_initializers
    Feature record: CXX_FEATURE:1cxx_generic_lambdas
    Feature record: CXX_FEATURE:1cxx_inheriting_constructors
    Feature record: CXX_FEATURE:1cxx_inline_namespaces
    Feature record: CXX_FEATURE:1cxx_lambdas
    Feature record: CXX_FEATURE:1cxx_lambda_init_captures
    Feature record: CXX_FEATURE:1cxx_local_type_template_args
    Feature record: CXX_FEATURE:1cxx_long_long_type
    Feature record: CXX_FEATURE:1cxx_noexcept
    Feature record: CXX_FEATURE:1cxx_nonstatic_member_init
    Feature record: CXX_FEATURE:1cxx_nullptr
    Feature record: CXX_FEATURE:1cxx_override
    Feature record: CXX_FEATURE:1cxx_range_for
    Feature record: CXX_FEATURE:1cxx_raw_string_literals
    Feature record: CXX_FEATURE:1cxx_reference_qualified_functions
    Feature record: CXX_FEATURE:1cxx_relaxed_constexpr
    Feature record: CXX_FEATURE:1cxx_return_type_deduction
    Feature record: CXX_FEATURE:1cxx_right_angle_brackets
    Feature record: CXX_FEATURE:1cxx_rvalue_references
    Feature record: CXX_FEATURE:1cxx_sizeof_member
    Feature record: CXX_FEATURE:1cxx_static_assert
    Feature record: CXX_FEATURE:1cxx_strong_enums
    Feature record: CXX_FEATURE:1cxx_template_template_parameters
    Feature record: CXX_FEATURE:1cxx_thread_local
    Feature record: CXX_FEATURE:1cxx_trailing_return_types
    Feature record: CXX_FEATURE:1cxx_unicode_literals
    Feature record: CXX_FEATURE:1cxx_uniform_initialization
    Feature record: CXX_FEATURE:1cxx_unrestricted_unions
    Feature record: CXX_FEATURE:1cxx_user_literals
    Feature record: CXX_FEATURE:1cxx_variable_templates
    Feature record: CXX_FEATURE:1cxx_variadic_macros
    Feature record: CXX_FEATURE:1cxx_variadic_templates


Detecting CXX [-std=c++11] compiler features compiled with the following output:
Change Dir: /root/eos/build/CMakeFiles/CMakeTmp

Run Build Command:"/usr/bin/make" "cmTC_955d6/fast"
/usr/bin/make -f CMakeFiles/cmTC_955d6.dir/build.make CMakeFiles/cmTC_955d6.dir/build
make[1]: Entering directory '/root/eos/build/CMakeFiles/CMakeTmp'
Building CXX object CMakeFiles/cmTC_955d6.dir/feature_tests.cxx.o
/usr/bin/clang++-4.0     -std=c++11 -o CMakeFiles/cmTC_955d6.dir/feature_tests.cxx.o -c /root/eos/build/CMakeFiles/feature_tests.cxx
Linking CXX executable cmTC_955d6
/usr/bin/cmake -E cmake_link_script CMakeFiles/cmTC_955d6.dir/link.txt --verbose=1
/usr/bin/clang++-4.0        CMakeFiles/cmTC_955d6.dir/feature_tests.cxx.o  -o cmTC_955d6 
make[1]: Leaving directory '/root/eos/build/CMakeFiles/CMakeTmp'


    Feature record: CXX_FEATURE:0cxx_aggregate_default_initializers
    Feature record: CXX_FEATURE:1cxx_alias_templates
    Feature record: CXX_FEATURE:1cxx_alignas
    Feature record: CXX_FEATURE:1cxx_alignof
    Feature record: CXX_FEATURE:1cxx_attributes
    Feature record: CXX_FEATURE:0cxx_attribute_deprecated
    Feature record: CXX_FEATURE:1cxx_auto_type
    Feature record: CXX_FEATURE:0cxx_binary_literals
    Feature record: CXX_FEATURE:1cxx_constexpr
    Feature record: CXX_FEATURE:0cxx_contextual_conversions
    Feature record: CXX_FEATURE:1cxx_decltype
    Feature record: CXX_FEATURE:0cxx_decltype_auto
    Feature record: CXX_FEATURE:1cxx_decltype_incomplete_return_types
    Feature record: CXX_FEATURE:1cxx_default_function_template_args
    Feature record: CXX_FEATURE:1cxx_defaulted_functions
    Feature record: CXX_FEATURE:1cxx_defaulted_move_initializers
    Feature record: CXX_FEATURE:1cxx_delegating_constructors
    Feature record: CXX_FEATURE:1cxx_deleted_functions
    Feature record: CXX_FEATURE:0cxx_digit_separators
    Feature record: CXX_FEATURE:1cxx_enum_forward_declarations
    Feature record: CXX_FEATURE:1cxx_explicit_conversions
    Feature record: CXX_FEATURE:1cxx_extended_friend_declarations
    Feature record: CXX_FEATURE:1cxx_extern_templates
    Feature record: CXX_FEATURE:1cxx_final
    Feature record: CXX_FEATURE:1cxx_func_identifier
    Feature record: CXX_FEATURE:1cxx_generalized_initializers
    Feature record: CXX_FEATURE:0cxx_generic_lambdas
    Feature record: CXX_FEATURE:1cxx_inheriting_constructors
    Feature record: CXX_FEATURE:1cxx_inline_namespaces
    Feature record: CXX_FEATURE:1cxx_lambdas
    Feature record: CXX_FEATURE:0cxx_lambda_init_captures
    Feature record: CXX_FEATURE:1cxx_local_type_template_args
    Feature record: CXX_FEATURE:1cxx_long_long_type
    Feature record: CXX_FEATURE:1cxx_noexcept
    Feature record: CXX_FEATURE:1cxx_nonstatic_member_init
    Feature record: CXX_FEATURE:1cxx_nullptr
    Feature record: CXX_FEATURE:1cxx_override
    Feature record: CXX_FEATURE:1cxx_range_for
    Feature record: CXX_FEATURE:1cxx_raw_string_literals
    Feature record: CXX_FEATURE:1cxx_reference_qualified_functions
    Feature record: CXX_FEATURE:0cxx_relaxed_constexpr
    Feature record: CXX_FEATURE:0cxx_return_type_deduction
    Feature record: CXX_FEATURE:1cxx_right_angle_brackets
    Feature record: CXX_FEATURE:1cxx_rvalue_references
    Feature record: CXX_FEATURE:1cxx_sizeof_member
    Feature record: CXX_FEATURE:1cxx_static_assert
    Feature record: CXX_FEATURE:1cxx_strong_enums
    Feature record: CXX_FEATURE:1cxx_template_template_parameters
    Feature record: CXX_FEATURE:1cxx_thread_local
    Feature record: CXX_FEATURE:1cxx_trailing_return_types
    Feature record: CXX_FEATURE:1cxx_unicode_literals
    Feature record: CXX_FEATURE:1cxx_uniform_initialization
    Feature record: CXX_FEATURE:1cxx_unrestricted_unions
    Feature record: CXX_FEATURE:1cxx_user_literals
    Feature record: CXX_FEATURE:0cxx_variable_templates
    Feature record: CXX_FEATURE:1cxx_variadic_macros
    Feature record: CXX_FEATURE:1cxx_variadic_templates


Detecting CXX [-std=c++98] compiler features compiled with the following output:
Change Dir: /root/eos/build/CMakeFiles/CMakeTmp

Run Build Command:"/usr/bin/make" "cmTC_152af/fast"
/usr/bin/make -f CMakeFiles/cmTC_152af.dir/build.make CMakeFiles/cmTC_152af.dir/build
make[1]: Entering directory '/root/eos/build/CMakeFiles/CMakeTmp'
Building CXX object CMakeFiles/cmTC_152af.dir/feature_tests.cxx.o
/usr/bin/clang++-4.0     -std=c++98 -o CMakeFiles/cmTC_152af.dir/feature_tests.cxx.o -c /root/eos/build/CMakeFiles/feature_tests.cxx
Linking CXX executable cmTC_152af
/usr/bin/cmake -E cmake_link_script CMakeFiles/cmTC_152af.dir/link.txt --verbose=1
/usr/bin/clang++-4.0        CMakeFiles/cmTC_152af.dir/feature_tests.cxx.o  -o cmTC_152af 
make[1]: Leaving directory '/root/eos/build/CMakeFiles/CMakeTmp'


    Feature record: CXX_FEATURE:0cxx_aggregate_default_initializers
    Feature record: CXX_FEATURE:0cxx_alias_templates
    Feature record: CXX_FEATURE:0cxx_alignas
    Feature record: CXX_FEATURE:0cxx_alignof
    Feature record: CXX_FEATURE:0cxx_attributes
    Feature record: CXX_FEATURE:0cxx_attribute_deprecated
    Feature record: CXX_FEATURE:0cxx_auto_type
    Feature record: CXX_FEATURE:0cxx_binary_literals
    Feature record: CXX_FEATURE:0cxx_constexpr
    Feature record: CXX_FEATURE:0cxx_contextual_conversions
    Feature record: CXX_FEATURE:0cxx_decltype
    Feature record: CXX_FEATURE:0cxx_decltype_auto
    Feature record: CXX_FEATURE:0cxx_decltype_incomplete_return_types
    Feature record: CXX_FEATURE:0cxx_default_function_template_args
    Feature record: CXX_FEATURE:0cxx_defaulted_functions
    Feature record: CXX_FEATURE:0cxx_defaulted_move_initializers
    Feature record: CXX_FEATURE:0cxx_delegating_constructors
    Feature record: CXX_FEATURE:0cxx_deleted_functions
    Feature record: CXX_FEATURE:0cxx_digit_separators
    Feature record: CXX_FEATURE:0cxx_enum_forward_declarations
    Feature record: CXX_FEATURE:0cxx_explicit_conversions
    Feature record: CXX_FEATURE:0cxx_extended_friend_declarations
    Feature record: CXX_FEATURE:0cxx_extern_templates
    Feature record: CXX_FEATURE:0cxx_final
    Feature record: CXX_FEATURE:0cxx_func_identifier
    Feature record: CXX_FEATURE:0cxx_generalized_initializers
    Feature record: CXX_FEATURE:0cxx_generic_lambdas
    Feature record: CXX_FEATURE:0cxx_inheriting_constructors
    Feature record: CXX_FEATURE:0cxx_inline_namespaces
    Feature record: CXX_FEATURE:0cxx_lambdas
    Feature record: CXX_FEATURE:0cxx_lambda_init_captures
    Feature record: CXX_FEATURE:0cxx_local_type_template_args
    Feature record: CXX_FEATURE:0cxx_long_long_type
    Feature record: CXX_FEATURE:0cxx_noexcept
    Feature record: CXX_FEATURE:0cxx_nonstatic_member_init
    Feature record: CXX_FEATURE:0cxx_nullptr
    Feature record: CXX_FEATURE:0cxx_override
    Feature record: CXX_FEATURE:0cxx_range_for
    Feature record: CXX_FEATURE:0cxx_raw_string_literals
    Feature record: CXX_FEATURE:0cxx_reference_qualified_functions
    Feature record: CXX_FEATURE:0cxx_relaxed_constexpr
    Feature record: CXX_FEATURE:0cxx_return_type_deduction
    Feature record: CXX_FEATURE:0cxx_right_angle_brackets
    Feature record: CXX_FEATURE:0cxx_rvalue_references
    Feature record: CXX_FEATURE:0cxx_sizeof_member
    Feature record: CXX_FEATURE:0cxx_static_assert
    Feature record: CXX_FEATURE:0cxx_strong_enums
    Feature record: CXX_FEATURE:1cxx_template_template_parameters
    Feature record: CXX_FEATURE:0cxx_thread_local
    Feature record: CXX_FEATURE:0cxx_trailing_return_types
    Feature record: CXX_FEATURE:0cxx_unicode_literals
    Feature record: CXX_FEATURE:0cxx_uniform_initialization
    Feature record: CXX_FEATURE:0cxx_unrestricted_unions
    Feature record: CXX_FEATURE:0cxx_user_literals
    Feature record: CXX_FEATURE:0cxx_variable_templates
    Feature record: CXX_FEATURE:0cxx_variadic_macros
    Feature record: CXX_FEATURE:0cxx_variadic_templates
Determining if the include file pthread.h exists passed with the following output:
Change Dir: /root/eos/build/CMakeFiles/CMakeTmp

Run Build Command:"/usr/bin/make" "cmTC_c1733/fast"
/usr/bin/make -f CMakeFiles/cmTC_c1733.dir/build.make CMakeFiles/cmTC_c1733.dir/build
make[1]: Entering directory '/root/eos/build/CMakeFiles/CMakeTmp'
Building C object CMakeFiles/cmTC_c1733.dir/CheckIncludeFile.c.o
/usr/bin/clang-4.0     -o CMakeFiles/cmTC_c1733.dir/CheckIncludeFile.c.o   -c /root/eos/build/CMakeFiles/CMakeTmp/CheckIncludeFile.c
Linking C executable cmTC_c1733
/usr/bin/cmake -E cmake_link_script CMakeFiles/cmTC_c1733.dir/link.txt --verbose=1
/usr/bin/clang-4.0       CMakeFiles/cmTC_c1733.dir/CheckIncludeFile.c.o  -o cmTC_c1733 -rdynamic 
make[1]: Leaving directory '/root/eos/build/CMakeFiles/CMakeTmp'


Determining if the include file alloca.h exists passed with the following output:
Change Dir: /root/eos/build/CMakeFiles/CMakeTmp

Run Build Command:"/usr/bin/make" "cmTC_e699d/fast"
/usr/bin/make -f CMakeFiles/cmTC_e699d.dir/build.make CMakeFiles/cmTC_e699d.dir/build
make[1]: Entering directory '/root/eos/build/CMakeFiles/CMakeTmp'
Building C object CMakeFiles/cmTC_e699d.dir/CheckIncludeFile.c.o
/usr/bin/clang-4.0     -o CMakeFiles/cmTC_e699d.dir/CheckIncludeFile.c.o   -c /root/eos/build/CMakeFiles/CMakeTmp/CheckIncludeFile.c
Linking C executable cmTC_e699d
/usr/bin/cmake -E cmake_link_script CMakeFiles/cmTC_e699d.dir/link.txt --verbose=1
/usr/bin/clang-4.0       CMakeFiles/cmTC_e699d.dir/CheckIncludeFile.c.o  -o cmTC_e699d -rdynamic 
make[1]: Leaving directory '/root/eos/build/CMakeFiles/CMakeTmp'


Determining if the include file unistd.h exists passed with the following output:
Change Dir: /root/eos/build/CMakeFiles/CMakeTmp

Run Build Command:"/usr/bin/make" "cmTC_9f97e/fast"
/usr/bin/make -f CMakeFiles/cmTC_9f97e.dir/build.make CMakeFiles/cmTC_9f97e.dir/build
make[1]: Entering directory '/root/eos/build/CMakeFiles/CMakeTmp'
Building C object CMakeFiles/cmTC_9f97e.dir/CheckIncludeFile.c.o
/usr/bin/clang-4.0     -o CMakeFiles/cmTC_9f97e.dir/CheckIncludeFile.c.o   -c /root/eos/build/CMakeFiles/CMakeTmp/CheckIncludeFile.c
Linking C executable cmTC_9f97e
/usr/bin/cmake -E cmake_link_script CMakeFiles/cmTC_9f97e.dir/link.txt --verbose=1
/usr/bin/clang-4.0       CMakeFiles/cmTC_9f97e.dir/CheckIncludeFile.c.o  -o cmTC_9f97e -rdynamic 
make[1]: Leaving directory '/root/eos/build/CMakeFiles/CMakeTmp'


Determining if the snprintf exist passed with the following output:
Change Dir: /root/eos/build/CMakeFiles/CMakeTmp

Run Build Command:"/usr/bin/make" "cmTC_aeb17/fast"
/usr/bin/make -f CMakeFiles/cmTC_aeb17.dir/build.make CMakeFiles/cmTC_aeb17.dir/build
make[1]: Entering directory '/root/eos/build/CMakeFiles/CMakeTmp'
Building C object CMakeFiles/cmTC_aeb17.dir/CheckSymbolExists.c.o
/usr/bin/clang-4.0     -o CMakeFiles/cmTC_aeb17.dir/CheckSymbolExists.c.o   -c /root/eos/build/CMakeFiles/CMakeTmp/CheckSymbolExists.c
Linking C executable cmTC_aeb17
/usr/bin/cmake -E cmake_link_script CMakeFiles/cmTC_aeb17.dir/link.txt --verbose=1
/usr/bin/clang-4.0       CMakeFiles/cmTC_aeb17.dir/CheckSymbolExists.c.o  -o cmTC_aeb17 -rdynamic 
make[1]: Leaving directory '/root/eos/build/CMakeFiles/CMakeTmp'

File /root/eos/build/CMakeFiles/CMakeTmp/CheckSymbolExists.c:
/* */
#include <stdio.h>

int main(int argc, char** argv)
{
  (void)argv;
#ifndef snprintf
  return ((int*)(&snprintf))[argc];
#else
  (void)argc;
  return 0;
#endif
}

Determining if the sysconf exist passed with the following output:
Change Dir: /root/eos/build/CMakeFiles/CMakeTmp

Run Build Command:"/usr/bin/make" "cmTC_989e3/fast"
/usr/bin/make -f CMakeFiles/cmTC_989e3.dir/build.make CMakeFiles/cmTC_989e3.dir/build
make[1]: Entering directory '/root/eos/build/CMakeFiles/CMakeTmp'
Building C object CMakeFiles/cmTC_989e3.dir/CheckSymbolExists.c.o
/usr/bin/clang-4.0     -o CMakeFiles/cmTC_989e3.dir/CheckSymbolExists.c.o   -c /root/eos/build/CMakeFiles/CMakeTmp/CheckSymbolExists.c
Linking C executable cmTC_989e3
/usr/bin/cmake -E cmake_link_script CMakeFiles/cmTC_989e3.dir/link.txt --verbose=1
/usr/bin/clang-4.0       CMakeFiles/cmTC_989e3.dir/CheckSymbolExists.c.o  -o cmTC_989e3 -rdynamic 
make[1]: Leaving directory '/root/eos/build/CMakeFiles/CMakeTmp'

File /root/eos/build/CMakeFiles/CMakeTmp/CheckSymbolExists.c:
/* */
#include <unistd.h>

int main(int argc, char** argv)
{
  (void)argv;
#ifndef sysconf
  return ((int*)(&sysconf))[argc];
#else
  (void)argc;
  return 0;
#endif
}

Determining if the strcasecmp exist passed with the following output:
Change Dir: /root/eos/build/CMakeFiles/CMakeTmp

Run Build Command:"/usr/bin/make" "cmTC_2a50b/fast"
/usr/bin/make -f CMakeFiles/cmTC_2a50b.dir/build.make CMakeFiles/cmTC_2a50b.dir/build
make[1]: Entering directory '/root/eos/build/CMakeFiles/CMakeTmp'
Building C object CMakeFiles/cmTC_2a50b.dir/CheckSymbolExists.c.o
/usr/bin/clang-4.0     -o CMakeFiles/cmTC_2a50b.dir/CheckSymbolExists.c.o   -c /root/eos/build/CMakeFiles/CMakeTmp/CheckSymbolExists.c
Linking C executable cmTC_2a50b
/usr/bin/cmake -E cmake_link_script CMakeFiles/cmTC_2a50b.dir/link.txt --verbose=1
/usr/bin/clang-4.0       CMakeFiles/cmTC_2a50b.dir/CheckSymbolExists.c.o  -o cmTC_2a50b -rdynamic 
make[1]: Leaving directory '/root/eos/build/CMakeFiles/CMakeTmp'

File /root/eos/build/CMakeFiles/CMakeTmp/CheckSymbolExists.c:
/* */
#include <strings.h>

int main(int argc, char** argv)
{
  (void)argv;
#ifndef strcasecmp
  return ((int*)(&strcasecmp))[argc];
#else
  (void)argc;
  return 0;
#endif
}

Determining if the include file sys/types.h exists passed with the following output:
Change Dir: /root/eos/build/CMakeFiles/CMakeTmp

Run Build Command:"/usr/bin/make" "cmTC_89955/fast"
/usr/bin/make -f CMakeFiles/cmTC_89955.dir/build.make CMakeFiles/cmTC_89955.dir/build
make[1]: Entering directory '/root/eos/build/CMakeFiles/CMakeTmp'
Building C object CMakeFiles/cmTC_89955.dir/CheckIncludeFile.c.o
/usr/bin/clang-4.0     -o CMakeFiles/cmTC_89955.dir/CheckIncludeFile.c.o   -c /root/eos/build/CMakeFiles/CMakeTmp/CheckIncludeFile.c
Linking C executable cmTC_89955
/usr/bin/cmake -E cmake_link_script CMakeFiles/cmTC_89955.dir/link.txt --verbose=1
/usr/bin/clang-4.0       CMakeFiles/cmTC_89955.dir/CheckIncludeFile.c.o  -o cmTC_89955 -rdynamic 
make[1]: Leaving directory '/root/eos/build/CMakeFiles/CMakeTmp'


Determining if the include file stdint.h exists passed with the following output:
Change Dir: /root/eos/build/CMakeFiles/CMakeTmp

Run Build Command:"/usr/bin/make" "cmTC_80c1f/fast"
/usr/bin/make -f CMakeFiles/cmTC_80c1f.dir/build.make CMakeFiles/cmTC_80c1f.dir/build
make[1]: Entering directory '/root/eos/build/CMakeFiles/CMakeTmp'
Building C object CMakeFiles/cmTC_80c1f.dir/CheckIncludeFile.c.o
/usr/bin/clang-4.0     -o CMakeFiles/cmTC_80c1f.dir/CheckIncludeFile.c.o   -c /root/eos/build/CMakeFiles/CMakeTmp/CheckIncludeFile.c
Linking C executable cmTC_80c1f
/usr/bin/cmake -E cmake_link_script CMakeFiles/cmTC_80c1f.dir/link.txt --verbose=1
/usr/bin/clang-4.0       CMakeFiles/cmTC_80c1f.dir/CheckIncludeFile.c.o  -o cmTC_80c1f -rdynamic 
make[1]: Leaving directory '/root/eos/build/CMakeFiles/CMakeTmp'


Determining if the include file stddef.h exists passed with the following output:
Change Dir: /root/eos/build/CMakeFiles/CMakeTmp

Run Build Command:"/usr/bin/make" "cmTC_c8238/fast"
/usr/bin/make -f CMakeFiles/cmTC_c8238.dir/build.make CMakeFiles/cmTC_c8238.dir/build
make[1]: Entering directory '/root/eos/build/CMakeFiles/CMakeTmp'
Building C object CMakeFiles/cmTC_c8238.dir/CheckIncludeFile.c.o
/usr/bin/clang-4.0     -o CMakeFiles/cmTC_c8238.dir/CheckIncludeFile.c.o   -c /root/eos/build/CMakeFiles/CMakeTmp/CheckIncludeFile.c
Linking C executable cmTC_c8238
/usr/bin/cmake -E cmake_link_script CMakeFiles/cmTC_c8238.dir/link.txt --verbose=1
/usr/bin/clang-4.0       CMakeFiles/cmTC_c8238.dir/CheckIncludeFile.c.o  -o cmTC_c8238 -rdynamic 
make[1]: Leaving directory '/root/eos/build/CMakeFiles/CMakeTmp'


Determining size of ssize_t passed with the following output:
Change Dir: /root/eos/build/CMakeFiles/CMakeTmp

Run Build Command:"/usr/bin/make" "cmTC_a9e3c/fast"
/usr/bin/make -f CMakeFiles/cmTC_a9e3c.dir/build.make CMakeFiles/cmTC_a9e3c.dir/build
make[1]: Entering directory '/root/eos/build/CMakeFiles/CMakeTmp'
Building C object CMakeFiles/cmTC_a9e3c.dir/SSIZE_T.c.o
/usr/bin/clang-4.0     -o CMakeFiles/cmTC_a9e3c.dir/SSIZE_T.c.o   -c /root/eos/build/CMakeFiles/CheckTypeSize/SSIZE_T.c
Linking C executable cmTC_a9e3c
/usr/bin/cmake -E cmake_link_script CMakeFiles/cmTC_a9e3c.dir/link.txt --verbose=1
/usr/bin/clang-4.0       CMakeFiles/cmTC_a9e3c.dir/SSIZE_T.c.o  -o cmTC_a9e3c -rdynamic 
make[1]: Leaving directory '/root/eos/build/CMakeFiles/CMakeTmp'


Determining size of size_t passed with the following output:
Change Dir: /root/eos/build/CMakeFiles/CMakeTmp

Run Build Command:"/usr/bin/make" "cmTC_0501b/fast"
/usr/bin/make -f CMakeFiles/cmTC_0501b.dir/build.make CMakeFiles/cmTC_0501b.dir/build
make[1]: Entering directory '/root/eos/build/CMakeFiles/CMakeTmp'
Building C object CMakeFiles/cmTC_0501b.dir/SIZEOF_SIZE_T.c.o
/usr/bin/clang-4.0     -o CMakeFiles/cmTC_0501b.dir/SIZEOF_SIZE_T.c.o   -c /root/eos/build/CMakeFiles/CheckTypeSize/SIZEOF_SIZE_T.c
Linking C executable cmTC_0501b
/usr/bin/cmake -E cmake_link_script CMakeFiles/cmTC_0501b.dir/link.txt --verbose=1
/usr/bin/clang-4.0       CMakeFiles/cmTC_0501b.dir/SIZEOF_SIZE_T.c.o  -o cmTC_0501b -rdynamic 
make[1]: Leaving directory '/root/eos/build/CMakeFiles/CMakeTmp'


